0 info it worked if it ends with ok
1 verbose cli [ 'C:\\Program Files\\nodejs\\node.exe',
1 verbose cli   'C:\\Users\\kujebe\\AppData\\Roaming\\npm\\node_modules\\npm\\bin\\npm-cli.js',
1 verbose cli   'run',
1 verbose cli   'dev' ]
2 info using npm@3.10.6
3 info using node@v9.4.0
4 verbose run-script [ 'predev', 'dev', 'postdev' ]
5 info lifecycle Quotes@~predev: Quotes@
6 silly lifecycle Quotes@~predev: no script for predev, continuing
7 info lifecycle Quotes@~dev: Quotes@
8 verbose lifecycle Quotes@~dev: unsafe-perm in lifecycle true
9 verbose lifecycle Quotes@~dev: PATH: C:\Users\kujebe\AppData\Roaming\npm\node_modules\npm\bin\node-gyp-bin;C:\xampp\htdocs\vue-projects\quotes\node_modules\.bin;C:\Program Files\Git\mingw64\bin;C:\Program Files\Git\usr\bin;C:\Users\kujebe\bin;C:\Program Files (x86)\Common Files\Oracle\Java\javapath;C:\ProgramData\Oracle\Java\javapath;C:\Program Files\Broadcom\Broadcom 802.11 Network Adapter;C:\Program Files (x86)\Intel\iCLS Client;C:\Program Files\Intel\iCLS Client;C:\WINDOWS\system32;C:\WINDOWS;C:\WINDOWS\System32\Wbem;C:\WINDOWS\System32\WindowsPowerShell\v1.0;C:\Program Files (x86)\Intel\Intel(R) Management Engine Components\DAL;C:\Program Files\Intel\Intel(R) Management Engine Components\DAL;C:\Program Files (x86)\Intel\Intel(R) Management Engine Components\IPT;C:\Program Files\Intel\Intel(R) Management Engine Components\IPT;C:\Program Files\MongoDB\Server\3.2\bin;C:\Program Files (x86)\Windows Kits\8.1\Windows Performance Toolkit;C:\xampp\php;C:\Program Files (x86)\Bitvise SSH Client;C:\ProgramData\ComposerSetup\bin;C:\Program Files\Git\cmd;C:\Program Files\nodejs;C:\Program Files (x86)\PuTTY;C:\WINDOWS\System32\OpenSSH;C:\Program Files\Microsoft VS Code\bin;C:\Program Files\Heroku\bin;C:\Users\kujebe\AppData\Local\Programs\Python\Python36\Scripts;C:\Users\kujebe\AppData\Local\Programs\Python\Python36;C:\Program Files\MongoDB\Server\3.2\bin;C:\Users\kujebe\AppData\Roaming\Composer\vendor\bin;C:\Program Files\Heroku\bin;C:\Users\kujebe\AppData\Local\Microsoft\WindowsApps;C:\Users\kujebe\AppData\Roaming\npm;C:\Program Files (x86)\heroku\bin
10 verbose lifecycle Quotes@~dev: CWD: C:\xampp\htdocs\vue-projects\quotes
11 silly lifecycle Quotes@~dev: Args: [ '/d /s /c',
11 silly lifecycle   'cross-env NODE_ENV=development webpack-dev-server --open --inline --hot' ]
12 silly lifecycle Quotes@~dev: Returned: code: 1  signal: null
13 info lifecycle Quotes@~dev: Failed to exec dev script
14 verbose stack Error: Quotes@ dev: `cross-env NODE_ENV=development webpack-dev-server --open --inline --hot`
14 verbose stack Exit status 1
14 verbose stack     at EventEmitter.<anonymous> (C:\Users\kujebe\AppData\Roaming\npm\node_modules\npm\lib\utils\lifecycle.js:255:16)
14 verbose stack     at EventEmitter.emit (events.js:160:13)
14 verbose stack     at ChildProcess.<anonymous> (C:\Users\kujebe\AppData\Roaming\npm\node_modules\npm\lib\utils\spawn.js:40:14)
14 verbose stack     at ChildProcess.emit (events.js:160:13)
14 verbose stack     at maybeClose (internal/child_process.js:943:16)
14 verbose stack     at Process.ChildProcess._handle.onexit (internal/child_process.js:220:5)
15 verbose pkgid Quotes@
16 verbose cwd C:\xampp\htdocs\vue-projects\quotes
17 error Windows_NT 10.0.17134
18 error argv "C:\\Program Files\\nodejs\\node.exe" "C:\\Users\\kujebe\\AppData\\Roaming\\npm\\node_modules\\npm\\bin\\npm-cli.js" "run" "dev"
19 error node v9.4.0
20 error npm  v3.10.6
21 error code ELIFECYCLE
22 error Quotes@ dev: `cross-env NODE_ENV=development webpack-dev-server --open --inline --hot`
22 error Exit status 1
23 error Failed at the Quotes@ dev script 'cross-env NODE_ENV=development webpack-dev-server --open --inline --hot'.
23 error Make sure you have the latest version of node.js and npm installed.
23 error If you do, this is most likely a problem with the Quotes package,
23 error not with npm itself.
23 error Tell the author that this fails on your system:
23 error     cross-env NODE_ENV=development webpack-dev-server --open --inline --hot
23 error You can get information on how to open an issue for this project with:
23 error     npm bugs Quotes
23 error Or if that isn't available, you can get their info via:
23 error     npm owner ls Quotes
23 error There is likely additional logging output above.
24 verbose exit [ 1, true ]
